# JRE version: OpenJDK Runtime Environment Microsoft-8035246 (17.0.8+7) (build 17.0.8+7-LTS)
# Java VM: OpenJDK 64-Bit Server VM Microsoft-8035246 (17.0.8+7-LTS, mixed mode, sharing, tiered, compressed oops, compressed class ptrs, g1 gc, windows-amd64)
GC Precious Log:
 CPUs: 4 total, 4 available
 Memory: 16382M
 Large Page Support: Disabled
 NUMA Support: Disabled
 Compressed Oops: Enabled (32-bit)
 Heap Region Size: 1M
 Heap Min Capacity: 8M
 Heap Initial Capacity: 256M
 Heap Max Capacity: 2G
 Pre-touch: Disabled
 Parallel Workers: 4
 Concurrent Workers: 1
 Concurrent Refinement Workers: 4
 Periodic GC: Disabled
Heap:
 garbage-first heap   total 415744K, used 256133K [0x0000000080000000, 0x0000000100000000)
  region size 1024K, 120 young (122880K), 13 survivors (13312K)
 Metaspace       used 99503K, committed 100480K, reserved 557056K
  class space    used 13499K, committed 13952K, reserved 425984K
GC Heap History (20 events):
Event: 20.606 GC heap before
{Heap before GC invocations=22 (full 0):
 garbage-first heap   total 147456K, used 117222K [0x0000000080000000, 0x0000000100000000)
  region size 1024K, 46 young (47104K), 1 survivors (1024K)
 Metaspace       used 69860K, committed 70592K, reserved 491520K
  class space    used 9519K, committed 9856K, reserved 425984K
}
Event: 20.615 GC heap after
{Heap after GC invocations=23 (full 0):
 garbage-first heap   total 147456K, used 75003K [0x0000000080000000, 0x0000000100000000)
  region size 1024K, 6 young (6144K), 6 survivors (6144K)
 Metaspace       used 69860K, committed 70592K, reserved 491520K
  class space    used 9519K, committed 9856K, reserved 425984K
}
Event: 20.627 GC heap before
{Heap before GC invocations=23 (full 0):
 garbage-first heap   total 147456K, used 76027K [0x0000000080000000, 0x0000000100000000)
  region size 1024K, 7 young (7168K), 6 survivors (6144K)
 Metaspace       used 69860K, committed 70592K, reserved 491520K
  class space    used 9519K, committed 9856K, reserved 425984K
}
Event: 20.635 GC heap after
{Heap after GC invocations=24 (full 0):
 garbage-first heap   total 147456K, used 75842K [0x0000000080000000, 0x0000000100000000)
  region size 1024K, 1 young (1024K), 1 survivors (1024K)
 Metaspace       used 69860K, committed 70592K, reserved 491520K
  class space    used 9519K, committed 9856K, reserved 425984K
}
Event: 21.378 GC heap before
{Heap before GC invocations=24 (full 0):
 garbage-first heap   total 147456K, used 116802K [0x0000000080000000, 0x0000000100000000)
  region size 1024K, 41 young (41984K), 1 survivors (1024K)
 Metaspace       used 74587K, committed 75264K, reserved 491520K
  class space    used 10301K, committed 10624K, reserved 425984K
}
Event: 21.384 GC heap after
{Heap after GC invocations=25 (full 0):
 garbage-first heap   total 147456K, used 78006K [0x0000000080000000, 0x0000000100000000)
  region size 1024K, 3 young (3072K), 3 survivors (3072K)
 Metaspace       used 74587K, committed 75264K, reserved 491520K
  class space    used 10301K, committed 10624K, reserved 425984K
}
Event: 22.242 GC heap before
{Heap before GC invocations=26 (full 0):
 garbage-first heap   total 147456K, used 118966K [0x0000000080000000, 0x0000000100000000)
  region size 1024K, 43 young (44032K), 3 survivors (3072K)
 Metaspace       used 75928K, committed 76736K, reserved 557056K
  class space    used 10490K, committed 10880K, reserved 425984K
}
Event: 22.255 GC heap after
{Heap after GC invocations=27 (full 0):
 garbage-first heap   total 147456K, used 83591K [0x0000000080000000, 0x0000000100000000)
  region size 1024K, 6 young (6144K), 6 survivors (6144K)
 Metaspace       used 75928K, committed 76736K, reserved 557056K
  class space    used 10490K, committed 10880K, reserved 425984K
}
Event: 22.277 GC heap before
{Heap before GC invocations=27 (full 0):
 garbage-first heap   total 147456K, used 84615K [0x0000000080000000, 0x0000000100000000)
  region size 1024K, 7 young (7168K), 6 survivors (6144K)
 Metaspace       used 75954K, committed 76736K, reserved 557056K
  class space    used 10490K, committed 10880K, reserved 425984K
}
Event: 22.291 GC heap after
{Heap after GC invocations=28 (full 0):
 garbage-first heap   total 147456K, used 83915K [0x0000000080000000, 0x0000000100000000)
  region size 1024K, 1 young (1024K), 1 survivors (1024K)
 Metaspace       used 75954K, committed 76736K, reserved 557056K
  class space    used 10490K, committed 10880K, reserved 425984K
}
Event: 22.765 GC heap before
{Heap before GC invocations=28 (full 0):
 garbage-first heap   total 147456K, used 119755K [0x0000000080000000, 0x0000000100000000)
  region size 1024K, 35 young (35840K), 1 survivors (1024K)
 Metaspace       used 77193K, committed 78016K, reserved 557056K
  class space    used 10688K, committed 11072K, reserved 425984K
}
Event: 22.776 GC heap after
{Heap after GC invocations=29 (full 0):
 garbage-first heap   total 147456K, used 92698K [0x0000000080000000, 0x0000000100000000)
  region size 1024K, 5 young (5120K), 5 survivors (5120K)
 Metaspace       used 77193K, committed 78016K, reserved 557056K
  class space    used 10688K, committed 11072K, reserved 425984K
}
Event: 23.324 GC heap before
{Heap before GC invocations=30 (full 0):
 garbage-first heap   total 162816K, used 124442K [0x0000000080000000, 0x0000000100000000)
  region size 1024K, 30 young (30720K), 5 survivors (5120K)
 Metaspace       used 77702K, committed 78528K, reserved 557056K
  class space    used 10735K, committed 11136K, reserved 425984K
}
Event: 23.335 GC heap after
{Heap after GC invocations=31 (full 0):
 garbage-first heap   total 162816K, used 106005K [0x0000000080000000, 0x0000000100000000)
  region size 1024K, 4 young (4096K), 4 survivors (4096K)
 Metaspace       used 77702K, committed 78528K, reserved 557056K
  class space    used 10735K, committed 11136K, reserved 425984K
}
Event: 23.397 GC heap before
{Heap before GC invocations=31 (full 0):
 garbage-first heap   total 162816K, used 109077K [0x0000000080000000, 0x0000000100000000)
  region size 1024K, 7 young (7168K), 4 survivors (4096K)
 Metaspace       used 78105K, committed 78976K, reserved 557056K
  class space    used 10783K, committed 11200K, reserved 425984K
}
Event: 23.403 GC heap after
{Heap after GC invocations=32 (full 0):
 garbage-first heap   total 415744K, used 105967K [0x0000000080000000, 0x0000000100000000)
  region size 1024K, 1 young (1024K), 1 survivors (1024K)
 Metaspace       used 78105K, committed 78976K, reserved 557056K
  class space    used 10783K, committed 11200K, reserved 425984K
}
Event: 26.745 GC heap before
{Heap before GC invocations=32 (full 0):
 garbage-first heap   total 415744K, used 296431K [0x0000000080000000, 0x0000000100000000)
  region size 1024K, 181 young (185344K), 1 survivors (1024K)
 Metaspace       used 93056K, committed 94016K, reserved 557056K
  class space    used 12690K, committed 13120K, reserved 425984K
}
Event: 26.778 GC heap after
{Heap after GC invocations=33 (full 0):
 garbage-first heap   total 415744K, used 135618K [0x0000000080000000, 0x0000000100000000)
  region size 1024K, 23 young (23552K), 23 survivors (23552K)
 Metaspace       used 93056K, committed 94016K, reserved 557056K
  class space    used 12690K, committed 13120K, reserved 425984K
}
Event: 29.234 GC heap before
{Heap before GC invocations=33 (full 0):
 garbage-first heap   total 415744K, used 294338K [0x0000000080000000, 0x0000000100000000)
  region size 1024K, 179 young (183296K), 23 survivors (23552K)
 Metaspace       used 98526K, committed 99520K, reserved 557056K
  class space    used 13393K, committed 13824K, reserved 425984K
}
Event: 29.271 GC heap after
{Heap after GC invocations=34 (full 0):
 garbage-first heap   total 415744K, used 148613K [0x0000000080000000, 0x0000000100000000)
  region size 1024K, 13 young (13312K), 13 survivors (13312K)
 Metaspace       used 98526K, committed 99520K, reserved 557056K
  class space    used 13393K, committed 13824K, reserved 425984K
}

