# JRE version: OpenJDK Runtime Environment Microsoft-8035246 (17.0.8+7) (build 17.0.8+7-LTS)
# Java VM: OpenJDK 64-Bit Server VM Microsoft-8035246 (17.0.8+7-LTS, mixed mode, sharing, tiered, compressed oops, compressed class ptrs, g1 gc, windows-amd64)
GC Precious Log:
 CPUs: 4 total, 4 available
 Memory: 16382M
 Large Page Support: Disabled
 NUMA Support: Disabled
 Compressed Oops: Enabled (32-bit)
 Heap Region Size: 1M
 Heap Min Capacity: 8M
 Heap Initial Capacity: 256M
 Heap Max Capacity: 2G
 Pre-touch: Disabled
 Parallel Workers: 4
 Concurrent Workers: 1
 Concurrent Refinement Workers: 4
 Periodic GC: Disabled
Heap:
 garbage-first heap   total 256000K, used 175631K [0x0000000080000000, 0x0000000100000000)
  region size 1024K, 33 young (33792K), 1 survivors (1024K)
 Metaspace       used 98422K, committed 99392K, reserved 557056K
  class space    used 13377K, committed 13824K, reserved 425984K
GC Heap History (20 events):
Event: 91.726 GC heap before
{Heap before GC invocations=55 (full 0):
 garbage-first heap   total 193536K, used 138234K [0x0000000080000000, 0x0000000100000000)
  region size 1024K, 25 young (25600K), 3 survivors (3072K)
 Metaspace       used 81791K, committed 82688K, reserved 557056K
  class space    used 11225K, committed 11648K, reserved 425984K
}
Event: 91.733 GC heap after
{Heap after GC invocations=56 (full 0):
 garbage-first heap   total 193536K, used 121448K [0x0000000080000000, 0x0000000100000000)
  region size 1024K, 4 young (4096K), 4 survivors (4096K)
 Metaspace       used 81791K, committed 82688K, reserved 557056K
  class space    used 11225K, committed 11648K, reserved 425984K
}
Event: 91.880 GC heap before
{Heap before GC invocations=56 (full 0):
 garbage-first heap   total 193536K, used 126568K [0x0000000080000000, 0x0000000100000000)
  region size 1024K, 9 young (9216K), 4 survivors (4096K)
 Metaspace       used 81992K, committed 82944K, reserved 557056K
  class space    used 11267K, committed 11712K, reserved 425984K
}
Event: 91.886 GC heap after
{Heap after GC invocations=57 (full 0):
 garbage-first heap   total 193536K, used 121690K [0x0000000080000000, 0x0000000100000000)
  region size 1024K, 1 young (1024K), 1 survivors (1024K)
 Metaspace       used 81992K, committed 82944K, reserved 557056K
  class space    used 11267K, committed 11712K, reserved 425984K
}
Event: 92.858 GC heap before
{Heap before GC invocations=57 (full 0):
 garbage-first heap   total 193536K, used 151386K [0x0000000080000000, 0x0000000100000000)
  region size 1024K, 30 young (30720K), 1 survivors (1024K)
 Metaspace       used 84061K, committed 84928K, reserved 557056K
  class space    used 11553K, committed 11968K, reserved 425984K
}
Event: 92.869 GC heap after
{Heap after GC invocations=58 (full 0):
 garbage-first heap   total 193536K, used 125322K [0x0000000080000000, 0x0000000100000000)
  region size 1024K, 4 young (4096K), 4 survivors (4096K)
 Metaspace       used 84061K, committed 84928K, reserved 557056K
  class space    used 11553K, committed 11968K, reserved 425984K
}
Event: 95.310 GC heap before
{Heap before GC invocations=59 (full 0):
 garbage-first heap   total 211968K, used 153994K [0x0000000080000000, 0x0000000100000000)
  region size 1024K, 32 young (32768K), 4 survivors (4096K)
 Metaspace       used 88005K, committed 88960K, reserved 557056K
  class space    used 12097K, committed 12544K, reserved 425984K
}
Event: 95.320 GC heap after
{Heap after GC invocations=60 (full 0):
 garbage-first heap   total 211968K, used 127556K [0x0000000080000000, 0x0000000100000000)
  region size 1024K, 3 young (3072K), 3 survivors (3072K)
 Metaspace       used 88005K, committed 88960K, reserved 557056K
  class space    used 12097K, committed 12544K, reserved 425984K
}
Event: 95.616 GC heap before
{Heap before GC invocations=60 (full 0):
 garbage-first heap   total 211968K, used 134724K [0x0000000080000000, 0x0000000100000000)
  region size 1024K, 10 young (10240K), 3 survivors (3072K)
 Metaspace       used 88441K, committed 89408K, reserved 557056K
  class space    used 12152K, committed 12608K, reserved 425984K
}
Event: 95.627 GC heap after
{Heap after GC invocations=61 (full 0):
 garbage-first heap   total 211968K, used 127764K [0x0000000080000000, 0x0000000100000000)
  region size 1024K, 1 young (1024K), 1 survivors (1024K)
 Metaspace       used 88441K, committed 89408K, reserved 557056K
  class space    used 12152K, committed 12608K, reserved 425984K
}
Event: 98.293 GC heap before
{Heap before GC invocations=61 (full 0):
 garbage-first heap   total 211968K, used 166676K [0x0000000080000000, 0x0000000100000000)
  region size 1024K, 39 young (39936K), 1 survivors (1024K)
 Metaspace       used 95339K, committed 96256K, reserved 557056K
  class space    used 12993K, committed 13440K, reserved 425984K
}
Event: 98.316 GC heap after
{Heap after GC invocations=62 (full 0):
 garbage-first heap   total 211968K, used 133106K [0x0000000080000000, 0x0000000100000000)
  region size 1024K, 5 young (5120K), 5 survivors (5120K)
 Metaspace       used 95339K, committed 96256K, reserved 557056K
  class space    used 12993K, committed 13440K, reserved 425984K
}
Event: 101.303 GC heap before
{Heap before GC invocations=62 (full 0):
 garbage-first heap   total 211968K, used 169970K [0x0000000080000000, 0x0000000100000000)
  region size 1024K, 41 young (41984K), 5 survivors (5120K)
 Metaspace       used 95948K, committed 96896K, reserved 557056K
  class space    used 13049K, committed 13504K, reserved 425984K
}
Event: 101.321 GC heap after
{Heap after GC invocations=63 (full 0):
 garbage-first heap   total 211968K, used 138129K [0x0000000080000000, 0x0000000100000000)
  region size 1024K, 5 young (5120K), 5 survivors (5120K)
 Metaspace       used 95948K, committed 96896K, reserved 557056K
  class space    used 13049K, committed 13504K, reserved 425984K
}
Event: 102.256 GC heap before
{Heap before GC invocations=63 (full 0):
 garbage-first heap   total 211968K, used 171921K [0x0000000080000000, 0x0000000100000000)
  region size 1024K, 38 young (38912K), 5 survivors (5120K)
 Metaspace       used 97586K, committed 98496K, reserved 557056K
  class space    used 13257K, committed 13696K, reserved 425984K
}
Event: 102.272 GC heap after
{Heap after GC invocations=64 (full 0):
 garbage-first heap   total 211968K, used 141975K [0x0000000080000000, 0x0000000100000000)
  region size 1024K, 4 young (4096K), 4 survivors (4096K)
 Metaspace       used 97586K, committed 98496K, reserved 557056K
  class space    used 13257K, committed 13696K, reserved 425984K
}
Event: 104.214 GC heap before
{Heap before GC invocations=65 (full 0):
 garbage-first heap   total 256000K, used 171671K [0x0000000080000000, 0x0000000100000000)
  region size 1024K, 33 young (33792K), 4 survivors (4096K)
 Metaspace       used 98259K, committed 99264K, reserved 557056K
  class space    used 13375K, committed 13824K, reserved 425984K
}
Event: 104.244 GC heap after
{Heap after GC invocations=66 (full 0):
 garbage-first heap   total 256000K, used 144362K [0x0000000080000000, 0x0000000100000000)
  region size 1024K, 3 young (3072K), 3 survivors (3072K)
 Metaspace       used 98259K, committed 99264K, reserved 557056K
  class space    used 13375K, committed 13824K, reserved 425984K
}
Event: 105.210 GC heap before
{Heap before GC invocations=66 (full 0):
 garbage-first heap   total 256000K, used 153578K [0x0000000080000000, 0x0000000100000000)
  region size 1024K, 12 young (12288K), 3 survivors (3072K)
 Metaspace       used 98315K, committed 99264K, reserved 557056K
  class space    used 13377K, committed 13824K, reserved 425984K
}
Event: 105.218 GC heap after
{Heap after GC invocations=67 (full 0):
 garbage-first heap   total 256000K, used 144911K [0x0000000080000000, 0x0000000100000000)
  region size 1024K, 1 young (1024K), 1 survivors (1024K)
 Metaspace       used 98315K, committed 99264K, reserved 557056K
  class space    used 13377K, committed 13824K, reserved 425984K
}

