# JRE version: OpenJDK Runtime Environment Microsoft-8035246 (17.0.8+7) (build 17.0.8+7-LTS)
# Java VM: OpenJDK 64-Bit Server VM Microsoft-8035246 (17.0.8+7-LTS, mixed mode, sharing, tiered, compressed oops, compressed class ptrs, g1 gc, windows-amd64)
GC Precious Log:
 CPUs: 4 total, 4 available
 Memory: 16382M
 Large Page Support: Disabled
 NUMA Support: Disabled
 Compressed Oops: Enabled (32-bit)
 Heap Region Size: 1M
 Heap Min Capacity: 8M
 Heap Initial Capacity: 256M
 Heap Max Capacity: 2G
 Pre-touch: Disabled
 Parallel Workers: 4
 Concurrent Workers: 1
 Concurrent Refinement Workers: 4
 Periodic GC: Disabled
Heap:
 garbage-first heap   total 237568K, used 194560K [0x0000000080000000, 0x0000000100000000)
  region size 1024K, 53 young (54272K), 7 survivors (7168K)
 Metaspace       used 98717K, committed 99712K, reserved 557056K
  class space    used 13397K, committed 13888K, reserved 425984K
GC Heap History (20 events):
Event: 34.301 GC heap before
{Heap before GC invocations=41 (full 0):
 garbage-first heap   total 197632K, used 156467K [0x0000000080000000, 0x0000000100000000)
  region size 1024K, 71 young (72704K), 5 survivors (5120K)
 Metaspace       used 77433K, committed 78272K, reserved 557056K
  class space    used 10700K, committed 11072K, reserved 425984K
}
Event: 34.321 GC heap after
{Heap after GC invocations=42 (full 0):
 garbage-first heap   total 197632K, used 103034K [0x0000000080000000, 0x0000000100000000)
  region size 1024K, 9 young (9216K), 9 survivors (9216K)
 Metaspace       used 77433K, committed 78272K, reserved 557056K
  class space    used 10700K, committed 11072K, reserved 425984K
}
Event: 36.254 GC heap before
{Heap before GC invocations=42 (full 0):
 garbage-first heap   total 197632K, used 158330K [0x0000000080000000, 0x0000000100000000)
  region size 1024K, 56 young (57344K), 9 survivors (9216K)
 Metaspace       used 79783K, committed 80640K, reserved 557056K
  class space    used 10992K, committed 11392K, reserved 425984K
}
Event: 36.265 GC heap after
{Heap after GC invocations=43 (full 0):
 garbage-first heap   total 197632K, used 118124K [0x0000000080000000, 0x0000000100000000)
  region size 1024K, 7 young (7168K), 7 survivors (7168K)
 Metaspace       used 79783K, committed 80640K, reserved 557056K
  class space    used 10992K, committed 11392K, reserved 425984K
}
Event: 37.388 GC heap before
{Heap before GC invocations=43 (full 0):
 garbage-first heap   total 197632K, used 156012K [0x0000000080000000, 0x0000000100000000)
  region size 1024K, 44 young (45056K), 7 survivors (7168K)
 Metaspace       used 82654K, committed 83584K, reserved 557056K
  class space    used 11376K, committed 11840K, reserved 425984K
}
Event: 37.399 GC heap after
{Heap after GC invocations=44 (full 0):
 garbage-first heap   total 197632K, used 123438K [0x0000000080000000, 0x0000000100000000)
  region size 1024K, 5 young (5120K), 5 survivors (5120K)
 Metaspace       used 82654K, committed 83584K, reserved 557056K
  class space    used 11376K, committed 11840K, reserved 425984K
}
Event: 37.928 GC heap before
{Heap before GC invocations=44 (full 0):
 garbage-first heap   total 197632K, used 158254K [0x0000000080000000, 0x0000000100000000)
  region size 1024K, 39 young (39936K), 5 survivors (5120K)
 Metaspace       used 84721K, committed 85568K, reserved 557056K
  class space    used 11641K, committed 12032K, reserved 425984K
}
Event: 37.939 GC heap after
{Heap after GC invocations=45 (full 0):
 garbage-first heap   total 197632K, used 127371K [0x0000000080000000, 0x0000000100000000)
  region size 1024K, 4 young (4096K), 4 survivors (4096K)
 Metaspace       used 84721K, committed 85568K, reserved 557056K
  class space    used 11641K, committed 12032K, reserved 425984K
}
Event: 40.100 GC heap before
{Heap before GC invocations=45 (full 0):
 garbage-first heap   total 197632K, used 161163K [0x0000000080000000, 0x0000000100000000)
  region size 1024K, 37 young (37888K), 4 survivors (4096K)
 Metaspace       used 92257K, committed 93120K, reserved 557056K
  class space    used 12547K, committed 12928K, reserved 425984K
}
Event: 40.116 GC heap after
{Heap after GC invocations=46 (full 0):
 garbage-first heap   total 197632K, used 132738K [0x0000000080000000, 0x0000000100000000)
  region size 1024K, 5 young (5120K), 5 survivors (5120K)
 Metaspace       used 92257K, committed 93120K, reserved 557056K
  class space    used 12547K, committed 12928K, reserved 425984K
}
Event: 41.135 GC heap before
{Heap before GC invocations=46 (full 0):
 garbage-first heap   total 197632K, used 163458K [0x0000000080000000, 0x0000000100000000)
  region size 1024K, 35 young (35840K), 5 survivors (5120K)
 Metaspace       used 95273K, committed 96192K, reserved 557056K
  class space    used 13009K, committed 13440K, reserved 425984K
}
Event: 41.151 GC heap after
{Heap after GC invocations=47 (full 0):
 garbage-first heap   total 197632K, used 135698K [0x0000000080000000, 0x0000000100000000)
  region size 1024K, 3 young (3072K), 3 survivors (3072K)
 Metaspace       used 95273K, committed 96192K, reserved 557056K
  class space    used 13009K, committed 13440K, reserved 425984K
}
Event: 41.915 GC heap before
{Heap before GC invocations=47 (full 0):
 garbage-first heap   total 197632K, used 165394K [0x0000000080000000, 0x0000000100000000)
  region size 1024K, 32 young (32768K), 3 survivors (3072K)
 Metaspace       used 96028K, committed 97024K, reserved 557056K
  class space    used 13061K, committed 13504K, reserved 425984K
}
Event: 41.929 GC heap after
{Heap after GC invocations=48 (full 0):
 garbage-first heap   total 197632K, used 139790K [0x0000000080000000, 0x0000000100000000)
  region size 1024K, 4 young (4096K), 4 survivors (4096K)
 Metaspace       used 96028K, committed 97024K, reserved 557056K
  class space    used 13061K, committed 13504K, reserved 425984K
}
Event: 42.420 GC heap before
{Heap before GC invocations=48 (full 0):
 garbage-first heap   total 197632K, used 166414K [0x0000000080000000, 0x0000000100000000)
  region size 1024K, 30 young (30720K), 4 survivors (4096K)
 Metaspace       used 97376K, committed 98368K, reserved 557056K
  class space    used 13244K, committed 13696K, reserved 425984K
}
Event: 42.431 GC heap after
{Heap after GC invocations=49 (full 0):
 garbage-first heap   total 237568K, used 142482K [0x0000000080000000, 0x0000000100000000)
  region size 1024K, 4 young (4096K), 4 survivors (4096K)
 Metaspace       used 97376K, committed 98368K, reserved 557056K
  class space    used 13244K, committed 13696K, reserved 425984K
}
Event: 43.417 GC heap before
{Heap before GC invocations=49 (full 0):
 garbage-first heap   total 237568K, used 192658K [0x0000000080000000, 0x0000000100000000)
  region size 1024K, 54 young (55296K), 4 survivors (4096K)
 Metaspace       used 98252K, committed 99200K, reserved 557056K
  class space    used 13383K, committed 13824K, reserved 425984K
}
Event: 43.428 GC heap after
{Heap after GC invocations=50 (full 0):
 garbage-first heap   total 237568K, used 145835K [0x0000000080000000, 0x0000000100000000)
  region size 1024K, 7 young (7168K), 7 survivors (7168K)
 Metaspace       used 98252K, committed 99200K, reserved 557056K
  class space    used 13383K, committed 13824K, reserved 425984K
}
Event: 44.473 GC heap before
{Heap before GC invocations=50 (full 0):
 garbage-first heap   total 237568K, used 194987K [0x0000000080000000, 0x0000000100000000)
  region size 1024K, 56 young (57344K), 7 survivors (7168K)
 Metaspace       used 98545K, committed 99584K, reserved 557056K
  class space    used 13393K, committed 13888K, reserved 425984K
}
Event: 44.490 GC heap after
{Heap after GC invocations=51 (full 0):
 garbage-first heap   total 237568K, used 149504K [0x0000000080000000, 0x0000000100000000)
  region size 1024K, 7 young (7168K), 7 survivors (7168K)
 Metaspace       used 98545K, committed 99584K, reserved 557056K
  class space    used 13393K, committed 13888K, reserved 425984K
}

